<?xml version="1.0" encoding="UTF-8"?>
<!-- Generated by org.testng.reporters.JUnitXMLReporter -->
<testsuite hostname="Gunu-PC" ignored="1" name="Default test" tests="1" failures="0" timestamp="08 Sep 2019 18:47:08 GMT" time="3.859" errors="0">
  <testcase name="getApiMethodWithoutHeadersTest" time="3.815" classname="com.qa.testcases.GETapiTest"/>
  <testcase name="getApiMethodWithHeadersTest" time="0.0" classname="com.qa.testcases.GETapiTest">
    <ignored/>
  </testcase> <!-- getApiMethodWithHeadersTest -->
</testsuite> <!-- Default test -->
